<?xml version="1.0" encoding="UTF-8"?>
<!-- Generated by org.testng.reporters.JUnitReportReporter -->
<testsuite hostname="LAPTOP-NI8RFV95" failures="0" tests="2" name="practise.hometest.HomePageSampleTest" time="0.011" errors="0" timestamp="2025-03-13T12:14:19 IST" skipped="0">
  <testcase classname="practise.hometest.HomePageSampleTest" name="homePageTest" time="0.009"/>
  <system-out>
    <![CDATA[homePageTest Test Start
step-1
step-2
step-3
step-4
step-5
homePageTest Test end]]>
  </system-out>
  <testcase classname="practise.hometest.HomePageSampleTest" name="verifyLogoHomePage" time="0.002"/>
  <system-out>
    <![CDATA[verifyLogoHomePage Test Start
step-1
step-2
step-3
step-4
step-5
verifyLogoHomePage Test end]]>
  </system-out>
</testsuite> <!-- practise.hometest.HomePageSampleTest -->
