<?xml version="1.0" encoding="UTF-8"?>
<!-- Generated by org.testng.reporters.JUnitReportReporter -->
<testsuite hostname="LAPTOP-NI8RFV95" failures="0" tests="1" name="practise.hometest.SampleTestForScreenshot" time="3.358" errors="0" timestamp="2025-03-13T13:21:44 IST" skipped="0">
  <testcase classname="practise.hometest.SampleTestForScreenshot" name="amazonTest" time="3.358"/>
  <system-out/>
</testsuite> <!-- practise.hometest.SampleTestForScreenshot -->
