<?xml version="1.0" encoding="UTF-8"?>
<!-- Generated by org.testng.reporters.JUnitReportReporter -->
<testsuite hostname="LAPTOP-NI8RFV95" failures="0" tests="1" name="com.comcast.Basetest.BaseClass" time="41.081" errors="0" timestamp="2025-03-11T15:57:59 IST" skipped="0">
  <testcase classname="com.comcast.Basetest.BaseClass" name="Create" time="41.081"/>
  <system-out/>
</testsuite> <!-- com.comcast.Basetest.BaseClass -->
